<?xml version="1.0" encoding="UTF-8"?>
<!-- Generated by org.testng.reporters.JUnitReportReporter -->
<testsuite hostname="LWO1-LDL-A26312" failures="0" tests="2" name="addToCartTest" time="0.581" errors="0" timestamp="2024-11-22T11:17:30 EET" skipped="0">
  <testcase classname="addToCartTest" name="verifyAddingAllItemsToCart" time="0.339"/>
  <testcase classname="addToCartTest" name="verifyRemovingAllItemsFromCart" time="0.242"/>
</testsuite> <!-- addToCartTest -->
