<?xml version="1.0" encoding="UTF-8"?>
<!-- Generated by org.testng.reporters.JUnitReportReporter -->
<testsuite hostname="LWO1-LDL-A26312" failures="0" tests="3" name="loginTest" time="1.480" errors="0" timestamp="2024-11-22T11:17:30 EET" skipped="0">
  <testcase classname="loginTest" name="verifyPageTitle" time="0.091"/>
  <testcase classname="loginTest" name="verifyLoginErrorMessages" time="0.903"/>
  <testcase classname="loginTest" name="verifySuccessfulLogin" time="0.486"/>
</testsuite> <!-- loginTest -->
